<?xml version="1.0" encoding="UTF-8"?>
<!-- Generated by org.testng.reporters.JUnitXMLReporter -->
<testsuite hostname="DESKTOP-E69K95O" name="User acceptance Testing" tests="2" failures="1" timestamp="17 Jul 2021 16:04:53 GMT" time="0.026" errors="0">
  <testcase name="loginTest" time="0.006" classname="sauceDemoTest.basicNG">
    <failure type="java.lang.AssertionError" message="expected [test] but found [test1]">
      <![CDATA[java.lang.AssertionError: expected [test] but found [test1]
	at sauceDemoTest.basicNG.loginTest(basicNG.java:33)
... Removed 29 stack frames]]>
    </failure>
  </testcase> <!-- loginTest -->
  <testcase name="SignUpTest" time="0.001" classname="sauceDemoTest.basicNG"/>
</testsuite> <!-- User acceptance Testing -->
