<?xml version="1.0" encoding="UTF-8"?>
<!-- Generated by org.testng.reporters.JUnitXMLReporter -->
<testsuite hostname="DESKTOP-E69K95O" name="Resgression sprint 2.1" tests="10" failures="1" timestamp="17 Jul 2021 15:55:03 GMT" time="12.284" errors="0">
  <testcase name="loginTest" time="0.009" classname="sauceDemoTest.basicNG">
    <failure type="java.lang.AssertionError" message="expected [test] but found [test1]">
      <![CDATA[java.lang.AssertionError: expected [test] but found [test1]
	at sauceDemoTest.basicNG.loginTest(basicNG.java:33)
... Removed 29 stack frames]]>
    </failure>
  </testcase> <!-- loginTest -->
  <testcase name="SignUpTest" time="0.001" classname="sauceDemoTest.basicNG"/>
  <testcase name="productValidation" time="0.001" classname="sauceDemoTest.productValidation"/>
  <testcase name="dataloginValidation" time="0.001" classname="sauceDemoTest.sauceDemoLogin"/>
  <testcase name="login_Element_Validation" time="0.153" classname="sauceDemoTest.sauceDemoNG"/>
  <testcase name="naegative_login_Validation" time="0.27" classname="sauceDemoTest.sauceDemoNG"/>
  <testcase name="positive_login_Validation" time="0.302" classname="sauceDemoTest.sauceDemoNG"/>
  <testcase name="login_Element_Validation" time="0.159" classname="sauceDemoTest.SauceDemoNGV2"/>
  <testcase name="naegative_login_Validation" time="0.246" classname="sauceDemoTest.SauceDemoNGV2"/>
  <testcase name="positive_login_Validation" time="0.387" classname="sauceDemoTest.SauceDemoNGV2"/>
</testsuite> <!-- Resgression sprint 2.1 -->
